2023-11-22 12:45:54,514 [Worker-7: Loading available Gradle versions] INFO  o.e.b.c.i.u.g.PublishedGradleVersions - Gradle version information cache is up-to-date. Trying to read.
2023-11-22 15:42:35,419 [Worker-9: Loading available Gradle versions] INFO  o.e.b.c.i.u.g.PublishedGradleVersions - Gradle version information cache is up-to-date. Trying to read.
2023-11-22 15:42:59,270 [Worker-8: Loading available Gradle versions] INFO  o.e.b.c.i.u.g.PublishedGradleVersions - Gradle version information cache is up-to-date. Trying to read.
2023-11-22 15:45:19,665 [Worker-7: Loading available Gradle versions] INFO  o.e.b.c.i.u.g.PublishedGradleVersions - Gradle version information cache is up-to-date. Trying to read.
2023-11-22 22:04:45,205 [Worker-4: Loading available Gradle versions] INFO  o.e.b.c.i.u.g.PublishedGradleVersions - Gradle version information cache is out-of-date. Trying to update.
2023-11-22 22:10:20,195 [Worker-6: Loading available Gradle versions] INFO  o.e.b.c.i.u.g.PublishedGradleVersions - Gradle version information cache is up-to-date. Trying to read.
2023-11-22 22:12:18,056 [Worker-7: Loading available Gradle versions] INFO  o.e.b.c.i.u.g.PublishedGradleVersions - Gradle version information cache is up-to-date. Trying to read.
2023-11-22 22:12:46,636 [Worker-6: Loading available Gradle versions] INFO  o.e.b.c.i.u.g.PublishedGradleVersions - Gradle version information cache is up-to-date. Trying to read.
2023-11-22 22:13:25,804 [Worker-4: Loading available Gradle versions] INFO  o.e.b.c.i.u.g.PublishedGradleVersions - Gradle version information cache is up-to-date. Trying to read.
2023-11-22 22:13:32,225 [Worker-11: Deferred Early Start] INFO  o.a.h.c.h.i.c.HttpRequestRetryExec - Recoverable I/O exception (java.net.SocketException) caught when processing request to {s}->https://www.eclipse.org:443
2023-11-22 22:14:01,309 [Worker-7: Loading available Gradle versions] INFO  o.e.b.c.i.u.g.PublishedGradleVersions - Gradle version information cache is up-to-date. Trying to read.
2023-11-23 11:40:42,772 [Worker-7: Loading available Gradle versions] INFO  o.e.b.c.i.u.g.PublishedGradleVersions - Gradle version information cache is up-to-date. Trying to read.
2023-11-24 13:08:04,552 [Worker-8: Loading available Gradle versions] INFO  o.e.b.c.i.u.g.PublishedGradleVersions - Gradle version information cache is out-of-date. Trying to update.
2023-11-24 14:24:26,358 [Worker-7: Loading available Gradle versions] INFO  o.e.b.c.i.u.g.PublishedGradleVersions - Gradle version information cache is up-to-date. Trying to read.
2023-11-24 15:42:01,010 [Worker-6: Loading available Gradle versions] INFO  o.e.b.c.i.u.g.PublishedGradleVersions - Gradle version information cache is up-to-date. Trying to read.
2023-11-24 16:06:47,572 [main] INFO  o.e.m2e.actions.ExecutePomAction - Creating new launch configuration
2023-11-24 16:06:56,242 [Worker-50: Launching practicoI] INFO  o.eclipse.m2e.core.internal.Bundles - getClasspathEntries(Bundle=org.eclipse.m2e.maven.runtime_3.9.400.20230826-0755 [295])
2023-11-24 16:06:56,243 [Worker-50: Launching practicoI] INFO  o.eclipse.m2e.core.internal.Bundles - 	Entry: C:\Users\Dibujave\.p2\pool\plugins\org.eclipse.m2e.maven.runtime_3.9.400.20230826-0755
2023-11-24 16:06:56,243 [Worker-50: Launching practicoI] INFO  o.eclipse.m2e.core.internal.Bundles - 	Entry: C:\Users\Dibujave\.p2\pool\plugins\org.eclipse.m2e.maven.runtime_3.9.400.20230826-0755\jars\aether-connector-okhttp-0.17.8.jar
2023-11-24 16:06:56,243 [Worker-50: Launching practicoI] INFO  o.eclipse.m2e.core.internal.Bundles - 	Entry: C:\Users\Dibujave\.p2\pool\plugins\org.eclipse.m2e.maven.runtime_3.9.400.20230826-0755\jars\aopalliance-1.0.jar
2023-11-24 16:06:56,244 [Worker-50: Launching practicoI] INFO  o.eclipse.m2e.core.internal.Bundles - 	Entry: C:\Users\Dibujave\.p2\pool\plugins\org.eclipse.m2e.maven.runtime_3.9.400.20230826-0755\jars\commons-lang3-3.12.0.jar
2023-11-24 16:06:56,244 [Worker-50: Launching practicoI] INFO  o.eclipse.m2e.core.internal.Bundles - 	Entry: C:\Users\Dibujave\.p2\pool\plugins\org.eclipse.m2e.maven.runtime_3.9.400.20230826-0755\jars\guice-5.1.0.jar
2023-11-24 16:06:56,244 [Worker-50: Launching practicoI] INFO  o.eclipse.m2e.core.internal.Bundles - 	Entry: C:\Users\Dibujave\.p2\pool\plugins\org.eclipse.m2e.maven.runtime_3.9.400.20230826-0755\jars\jansi-2.4.0.jar
2023-11-24 16:06:56,244 [Worker-50: Launching practicoI] INFO  o.eclipse.m2e.core.internal.Bundles - 	Entry: C:\Users\Dibujave\.p2\pool\plugins\org.eclipse.m2e.maven.runtime_3.9.400.20230826-0755\jars\maven-artifact-3.9.4.jar
2023-11-24 16:06:56,244 [Worker-50: Launching practicoI] INFO  o.eclipse.m2e.core.internal.Bundles - 	Entry: C:\Users\Dibujave\.p2\pool\plugins\org.eclipse.m2e.maven.runtime_3.9.400.20230826-0755\jars\maven-builder-support-3.9.4.jar
2023-11-24 16:06:56,244 [Worker-50: Launching practicoI] INFO  o.eclipse.m2e.core.internal.Bundles - 	Entry: C:\Users\Dibujave\.p2\pool\plugins\org.eclipse.m2e.maven.runtime_3.9.400.20230826-0755\jars\maven-compat-3.9.4.jar
2023-11-24 16:06:56,244 [Worker-50: Launching practicoI] INFO  o.eclipse.m2e.core.internal.Bundles - 	Entry: C:\Users\Dibujave\.p2\pool\plugins\org.eclipse.m2e.maven.runtime_3.9.400.20230826-0755\jars\maven-core-3.9.4.jar
2023-11-24 16:06:56,245 [Worker-50: Launching practicoI] INFO  o.eclipse.m2e.core.internal.Bundles - 	Entry: C:\Users\Dibujave\.p2\pool\plugins\org.eclipse.m2e.maven.runtime_3.9.400.20230826-0755\jars\maven-embedder-3.9.4.jar
2023-11-24 16:06:56,245 [Worker-50: Launching practicoI] INFO  o.eclipse.m2e.core.internal.Bundles - 	Entry: C:\Users\Dibujave\.p2\pool\plugins\org.eclipse.m2e.maven.runtime_3.9.400.20230826-0755\jars\maven-model-3.9.4.jar
2023-11-24 16:06:56,245 [Worker-50: Launching practicoI] INFO  o.eclipse.m2e.core.internal.Bundles - 	Entry: C:\Users\Dibujave\.p2\pool\plugins\org.eclipse.m2e.maven.runtime_3.9.400.20230826-0755\jars\maven-model-builder-3.9.4.jar
2023-11-24 16:06:56,245 [Worker-50: Launching practicoI] INFO  o.eclipse.m2e.core.internal.Bundles - 	Entry: C:\Users\Dibujave\.p2\pool\plugins\org.eclipse.m2e.maven.runtime_3.9.400.20230826-0755\jars\maven-plugin-api-3.9.4.jar
2023-11-24 16:06:56,245 [Worker-50: Launching practicoI] INFO  o.eclipse.m2e.core.internal.Bundles - 	Entry: C:\Users\Dibujave\.p2\pool\plugins\org.eclipse.m2e.maven.runtime_3.9.400.20230826-0755\jars\maven-repository-metadata-3.9.4.jar
2023-11-24 16:06:56,245 [Worker-50: Launching practicoI] INFO  o.eclipse.m2e.core.internal.Bundles - 	Entry: C:\Users\Dibujave\.p2\pool\plugins\org.eclipse.m2e.maven.runtime_3.9.400.20230826-0755\jars\maven-resolver-api-1.9.14.jar
2023-11-24 16:06:56,245 [Worker-50: Launching practicoI] INFO  o.eclipse.m2e.core.internal.Bundles - 	Entry: C:\Users\Dibujave\.p2\pool\plugins\org.eclipse.m2e.maven.runtime_3.9.400.20230826-0755\jars\maven-resolver-connector-basic-1.9.14.jar
2023-11-24 16:06:56,245 [Worker-50: Launching practicoI] INFO  o.eclipse.m2e.core.internal.Bundles - 	Entry: C:\Users\Dibujave\.p2\pool\plugins\org.eclipse.m2e.maven.runtime_3.9.400.20230826-0755\jars\maven-resolver-impl-1.9.14.jar
2023-11-24 16:06:56,246 [Worker-50: Launching practicoI] INFO  o.eclipse.m2e.core.internal.Bundles - 	Entry: C:\Users\Dibujave\.p2\pool\plugins\org.eclipse.m2e.maven.runtime_3.9.400.20230826-0755\jars\maven-resolver-named-locks-1.9.14.jar
2023-11-24 16:06:56,246 [Worker-50: Launching practicoI] INFO  o.eclipse.m2e.core.internal.Bundles - 	Entry: C:\Users\Dibujave\.p2\pool\plugins\org.eclipse.m2e.maven.runtime_3.9.400.20230826-0755\jars\maven-resolver-provider-3.9.4.jar
2023-11-24 16:06:56,246 [Worker-50: Launching practicoI] INFO  o.eclipse.m2e.core.internal.Bundles - 	Entry: C:\Users\Dibujave\.p2\pool\plugins\org.eclipse.m2e.maven.runtime_3.9.400.20230826-0755\jars\maven-resolver-spi-1.9.14.jar
2023-11-24 16:06:56,246 [Worker-50: Launching practicoI] INFO  o.eclipse.m2e.core.internal.Bundles - 	Entry: C:\Users\Dibujave\.p2\pool\plugins\org.eclipse.m2e.maven.runtime_3.9.400.20230826-0755\jars\maven-resolver-transport-wagon-1.9.14.jar
2023-11-24 16:06:56,246 [Worker-50: Launching practicoI] INFO  o.eclipse.m2e.core.internal.Bundles - 	Entry: C:\Users\Dibujave\.p2\pool\plugins\org.eclipse.m2e.maven.runtime_3.9.400.20230826-0755\jars\maven-resolver-util-1.9.14.jar
2023-11-24 16:06:56,246 [Worker-50: Launching practicoI] INFO  o.eclipse.m2e.core.internal.Bundles - 	Entry: C:\Users\Dibujave\.p2\pool\plugins\org.eclipse.m2e.maven.runtime_3.9.400.20230826-0755\jars\maven-settings-3.9.4.jar
2023-11-24 16:06:56,246 [Worker-50: Launching practicoI] INFO  o.eclipse.m2e.core.internal.Bundles - 	Entry: C:\Users\Dibujave\.p2\pool\plugins\org.eclipse.m2e.maven.runtime_3.9.400.20230826-0755\jars\maven-settings-builder-3.9.4.jar
2023-11-24 16:06:56,247 [Worker-50: Launching practicoI] INFO  o.eclipse.m2e.core.internal.Bundles - 	Entry: C:\Users\Dibujave\.p2\pool\plugins\org.eclipse.m2e.maven.runtime_3.9.400.20230826-0755\jars\maven-shared-utils-3.3.4.jar
2023-11-24 16:06:56,247 [Worker-50: Launching practicoI] INFO  o.eclipse.m2e.core.internal.Bundles - 	Entry: C:\Users\Dibujave\.p2\pool\plugins\org.eclipse.m2e.maven.runtime_3.9.400.20230826-0755\jars\okhttp-3.14.1.jar
2023-11-24 16:06:56,247 [Worker-50: Launching practicoI] INFO  o.eclipse.m2e.core.internal.Bundles - 	Entry: C:\Users\Dibujave\.p2\pool\plugins\org.eclipse.m2e.maven.runtime_3.9.400.20230826-0755\jars\okio-1.17.3.jar
2023-11-24 16:06:56,247 [Worker-50: Launching practicoI] INFO  o.eclipse.m2e.core.internal.Bundles - 	Entry: C:\Users\Dibujave\.p2\pool\plugins\org.eclipse.m2e.maven.runtime_3.9.400.20230826-0755\jars\org.eclipse.sisu.inject-0.3.5.jar
2023-11-24 16:06:56,247 [Worker-50: Launching practicoI] INFO  o.eclipse.m2e.core.internal.Bundles - 	Entry: C:\Users\Dibujave\.p2\pool\plugins\org.eclipse.m2e.maven.runtime_3.9.400.20230826-0755\jars\org.eclipse.sisu.plexus-0.3.5.jar
2023-11-24 16:06:56,247 [Worker-50: Launching practicoI] INFO  o.eclipse.m2e.core.internal.Bundles - 	Entry: C:\Users\Dibujave\.p2\pool\plugins\org.eclipse.m2e.maven.runtime_3.9.400.20230826-0755\jars\plexus-build-api-0.0.7.jar
2023-11-24 16:06:56,247 [Worker-50: Launching practicoI] INFO  o.eclipse.m2e.core.internal.Bundles - 	Entry: C:\Users\Dibujave\.p2\pool\plugins\org.eclipse.m2e.maven.runtime_3.9.400.20230826-0755\jars\plexus-cipher-2.0.jar
2023-11-24 16:06:56,247 [Worker-50: Launching practicoI] INFO  o.eclipse.m2e.core.internal.Bundles - 	Entry: C:\Users\Dibujave\.p2\pool\plugins\org.eclipse.m2e.maven.runtime_3.9.400.20230826-0755\jars\plexus-classworlds-2.7.0.jar
2023-11-24 16:06:56,248 [Worker-50: Launching practicoI] INFO  o.eclipse.m2e.core.internal.Bundles - 	Entry: C:\Users\Dibujave\.p2\pool\plugins\org.eclipse.m2e.maven.runtime_3.9.400.20230826-0755\jars\plexus-component-annotations-2.1.0.jar
2023-11-24 16:06:56,248 [Worker-50: Launching practicoI] INFO  o.eclipse.m2e.core.internal.Bundles - 	Entry: C:\Users\Dibujave\.p2\pool\plugins\org.eclipse.m2e.maven.runtime_3.9.400.20230826-0755\jars\plexus-interpolation-1.26.jar
2023-11-24 16:06:56,248 [Worker-50: Launching practicoI] INFO  o.eclipse.m2e.core.internal.Bundles - 	Entry: C:\Users\Dibujave\.p2\pool\plugins\org.eclipse.m2e.maven.runtime_3.9.400.20230826-0755\jars\plexus-sec-dispatcher-2.0.jar
2023-11-24 16:06:56,248 [Worker-50: Launching practicoI] INFO  o.eclipse.m2e.core.internal.Bundles - 	Entry: C:\Users\Dibujave\.p2\pool\plugins\org.eclipse.m2e.maven.runtime_3.9.400.20230826-0755\jars\plexus-utils-3.5.1.jar
2023-11-24 16:06:56,248 [Worker-50: Launching practicoI] INFO  o.eclipse.m2e.core.internal.Bundles - 	Entry: C:\Users\Dibujave\.p2\pool\plugins\org.eclipse.m2e.maven.runtime_3.9.400.20230826-0755\jars\wagon-file-3.5.3.jar
2023-11-24 16:06:56,248 [Worker-50: Launching practicoI] INFO  o.eclipse.m2e.core.internal.Bundles - 	Entry: C:\Users\Dibujave\.p2\pool\plugins\org.eclipse.m2e.maven.runtime_3.9.400.20230826-0755\jars\wagon-provider-api-3.5.3.jar
2023-11-24 16:06:56,249 [Worker-50: Launching practicoI] INFO  o.eclipse.m2e.core.internal.Bundles - getClasspathEntries(Bundle=com.google.guava_32.1.2.jre [10])
2023-11-24 16:06:56,250 [Worker-50: Launching practicoI] INFO  o.eclipse.m2e.core.internal.Bundles - 	Entry: C:\Users\Dibujave\.p2\pool\plugins\com.google.guava_32.1.2.jre.jar
2023-11-24 16:06:56,250 [Worker-50: Launching practicoI] INFO  o.eclipse.m2e.core.internal.Bundles - getClasspathEntries(Bundle=slf4j.api_2.0.9 [516])
2023-11-24 16:06:56,250 [Worker-50: Launching practicoI] INFO  o.eclipse.m2e.core.internal.Bundles - 	Entry: C:\Users\Dibujave\.p2\pool\plugins\slf4j.api_2.0.9.jar
2023-11-24 16:06:56,250 [Worker-50: Launching practicoI] INFO  o.eclipse.m2e.core.internal.Bundles - getClasspathEntries(Bundle=javax.inject_1.0.0.v20220405-0441 [26])
2023-11-24 16:06:56,250 [Worker-50: Launching practicoI] INFO  o.eclipse.m2e.core.internal.Bundles - 	Entry: C:\Users\Dibujave\.p2\pool\plugins\javax.inject_1.0.0.v20220405-0441.jar
2023-11-24 16:06:56,250 [Worker-50: Launching practicoI] INFO  o.eclipse.m2e.core.internal.Bundles - getClasspathEntries(Bundle=javax.annotation_1.3.5.v20200909-1856 [24])
2023-11-24 16:06:56,251 [Worker-50: Launching practicoI] INFO  o.eclipse.m2e.core.internal.Bundles - 	Entry: C:\Users\Dibujave\.p2\pool\plugins\javax.annotation_1.3.5.v20200909-1856.jar
2023-11-24 16:06:56,251 [Worker-50: Launching practicoI] INFO  o.eclipse.m2e.core.internal.Bundles - getClasspathEntries(Bundle=org.apache.commons.cli_1.5.0 [49])
2023-11-24 16:06:56,251 [Worker-50: Launching practicoI] INFO  o.eclipse.m2e.core.internal.Bundles - 	Entry: C:\Users\Dibujave\.p2\pool\plugins\org.apache.commons.cli_1.5.0.jar
2023-11-24 16:06:56,251 [Worker-50: Launching practicoI] INFO  o.eclipse.m2e.core.internal.Bundles - getClasspathEntries(Bundle=com.google.guava.failureaccess_1.0.1 [12])
2023-11-24 16:06:56,251 [Worker-50: Launching practicoI] INFO  o.eclipse.m2e.core.internal.Bundles - 	Entry: C:\Users\Dibujave\.p2\pool\plugins\com.google.guava.failureaccess_1.0.1.jar
2023-11-24 16:06:56,253 [Worker-50: Launching practicoI] INFO  o.e.m.i.launch.MavenLaunchDelegate - Run build in "C:\Users\Dibujave\Documents\EclipseProjects\practicoI":
2023-11-24 16:06:56,253 [Worker-50: Launching practicoI] INFO  o.e.m.i.launch.MavenLaunchDelegate -  mvn  -B -Dstyle.color=always 
2023-11-24 16:06:56,253 [Worker-50: Launching practicoI] WARN  o.e.m.i.l.MavenLaunchExtensionsSupport - Unknown or unsupported source locator org.eclipse.jdt.internal.launching.sourcelookup.advanced.AdvancedSourceLookupDirector
2023-11-24 16:07:12,006 [Worker-51: Searching...] INFO  o.eclipse.m2e.core.internal.Bundles - getClasspathEntries(Bundle=org.eclipse.m2e.workspace.cli_0.3.1 [304])
2023-11-24 16:07:12,006 [Worker-51: Searching...] INFO  o.eclipse.m2e.core.internal.Bundles - 	Entry: C:\Users\Dibujave\.p2\pool\plugins\org.eclipse.m2e.workspace.cli_0.3.1.jar
2023-11-24 16:07:13,827 [Worker-51: Searching...] INFO  o.e.m.c.i.e.AbstractTransferListenerAdapter - Downloading https://repo.maven.apache.org/maven2/io/takari/m2e/workspace/org.eclipse.m2e.workspace.cli/0.3.1/org.eclipse.m2e.workspace.cli-0.3.1-sources.jar
2023-11-24 16:07:14,214 [Worker-51: Searching...] INFO  o.e.m.c.i.e.AbstractTransferListenerAdapter - Downloaded https://repo.maven.apache.org/maven2/io/takari/m2e/workspace/org.eclipse.m2e.workspace.cli/0.3.1/org.eclipse.m2e.workspace.cli-0.3.1-sources.jar
2023-11-24 16:07:14,219 [Worker-51: Searching...] INFO  o.eclipse.m2e.core.internal.Bundles - getClasspathEntries(Bundle=org.eclipse.m2e.maven.runtime_3.9.400.20230826-0755 [295])
2023-11-24 16:07:14,220 [Worker-51: Searching...] INFO  o.eclipse.m2e.core.internal.Bundles - 	Entry: C:\Users\Dibujave\.p2\pool\plugins\org.eclipse.m2e.maven.runtime_3.9.400.20230826-0755
2023-11-24 16:07:14,220 [Worker-51: Searching...] INFO  o.eclipse.m2e.core.internal.Bundles - 	Entry: C:\Users\Dibujave\.p2\pool\plugins\org.eclipse.m2e.maven.runtime_3.9.400.20230826-0755\jars\aether-connector-okhttp-0.17.8.jar
2023-11-24 16:07:14,220 [Worker-51: Searching...] INFO  o.eclipse.m2e.core.internal.Bundles - 	Entry: C:\Users\Dibujave\.p2\pool\plugins\org.eclipse.m2e.maven.runtime_3.9.400.20230826-0755\jars\aopalliance-1.0.jar
2023-11-24 16:07:14,220 [Worker-51: Searching...] INFO  o.eclipse.m2e.core.internal.Bundles - 	Entry: C:\Users\Dibujave\.p2\pool\plugins\org.eclipse.m2e.maven.runtime_3.9.400.20230826-0755\jars\commons-lang3-3.12.0.jar
2023-11-24 16:07:14,221 [Worker-51: Searching...] INFO  o.eclipse.m2e.core.internal.Bundles - 	Entry: C:\Users\Dibujave\.p2\pool\plugins\org.eclipse.m2e.maven.runtime_3.9.400.20230826-0755\jars\guice-5.1.0.jar
2023-11-24 16:07:14,221 [Worker-51: Searching...] INFO  o.eclipse.m2e.core.internal.Bundles - 	Entry: C:\Users\Dibujave\.p2\pool\plugins\org.eclipse.m2e.maven.runtime_3.9.400.20230826-0755\jars\jansi-2.4.0.jar
2023-11-24 16:07:14,221 [Worker-51: Searching...] INFO  o.eclipse.m2e.core.internal.Bundles - 	Entry: C:\Users\Dibujave\.p2\pool\plugins\org.eclipse.m2e.maven.runtime_3.9.400.20230826-0755\jars\maven-artifact-3.9.4.jar
2023-11-24 16:07:14,221 [Worker-51: Searching...] INFO  o.eclipse.m2e.core.internal.Bundles - 	Entry: C:\Users\Dibujave\.p2\pool\plugins\org.eclipse.m2e.maven.runtime_3.9.400.20230826-0755\jars\maven-builder-support-3.9.4.jar
2023-11-24 16:07:14,221 [Worker-51: Searching...] INFO  o.eclipse.m2e.core.internal.Bundles - 	Entry: C:\Users\Dibujave\.p2\pool\plugins\org.eclipse.m2e.maven.runtime_3.9.400.20230826-0755\jars\maven-compat-3.9.4.jar
2023-11-24 16:07:14,221 [Worker-51: Searching...] INFO  o.eclipse.m2e.core.internal.Bundles - 	Entry: C:\Users\Dibujave\.p2\pool\plugins\org.eclipse.m2e.maven.runtime_3.9.400.20230826-0755\jars\maven-core-3.9.4.jar
2023-11-24 16:07:14,221 [Worker-51: Searching...] INFO  o.eclipse.m2e.core.internal.Bundles - 	Entry: C:\Users\Dibujave\.p2\pool\plugins\org.eclipse.m2e.maven.runtime_3.9.400.20230826-0755\jars\maven-embedder-3.9.4.jar
2023-11-24 16:07:14,221 [Worker-51: Searching...] INFO  o.eclipse.m2e.core.internal.Bundles - 	Entry: C:\Users\Dibujave\.p2\pool\plugins\org.eclipse.m2e.maven.runtime_3.9.400.20230826-0755\jars\maven-model-3.9.4.jar
2023-11-24 16:07:14,222 [Worker-51: Searching...] INFO  o.eclipse.m2e.core.internal.Bundles - 	Entry: C:\Users\Dibujave\.p2\pool\plugins\org.eclipse.m2e.maven.runtime_3.9.400.20230826-0755\jars\maven-model-builder-3.9.4.jar
2023-11-24 16:07:14,222 [Worker-51: Searching...] INFO  o.eclipse.m2e.core.internal.Bundles - 	Entry: C:\Users\Dibujave\.p2\pool\plugins\org.eclipse.m2e.maven.runtime_3.9.400.20230826-0755\jars\maven-plugin-api-3.9.4.jar
2023-11-24 16:07:14,222 [Worker-51: Searching...] INFO  o.eclipse.m2e.core.internal.Bundles - 	Entry: C:\Users\Dibujave\.p2\pool\plugins\org.eclipse.m2e.maven.runtime_3.9.400.20230826-0755\jars\maven-repository-metadata-3.9.4.jar
2023-11-24 16:07:14,222 [Worker-51: Searching...] INFO  o.eclipse.m2e.core.internal.Bundles - 	Entry: C:\Users\Dibujave\.p2\pool\plugins\org.eclipse.m2e.maven.runtime_3.9.400.20230826-0755\jars\maven-resolver-api-1.9.14.jar
2023-11-24 16:07:14,222 [Worker-51: Searching...] INFO  o.eclipse.m2e.core.internal.Bundles - 	Entry: C:\Users\Dibujave\.p2\pool\plugins\org.eclipse.m2e.maven.runtime_3.9.400.20230826-0755\jars\maven-resolver-connector-basic-1.9.14.jar
2023-11-24 16:07:14,222 [Worker-51: Searching...] INFO  o.eclipse.m2e.core.internal.Bundles - 	Entry: C:\Users\Dibujave\.p2\pool\plugins\org.eclipse.m2e.maven.runtime_3.9.400.20230826-0755\jars\maven-resolver-impl-1.9.14.jar
2023-11-24 16:07:14,222 [Worker-51: Searching...] INFO  o.eclipse.m2e.core.internal.Bundles - 	Entry: C:\Users\Dibujave\.p2\pool\plugins\org.eclipse.m2e.maven.runtime_3.9.400.20230826-0755\jars\maven-resolver-named-locks-1.9.14.jar
2023-11-24 16:07:14,222 [Worker-51: Searching...] INFO  o.eclipse.m2e.core.internal.Bundles - 	Entry: C:\Users\Dibujave\.p2\pool\plugins\org.eclipse.m2e.maven.runtime_3.9.400.20230826-0755\jars\maven-resolver-provider-3.9.4.jar
2023-11-24 16:07:14,223 [Worker-51: Searching...] INFO  o.eclipse.m2e.core.internal.Bundles - 	Entry: C:\Users\Dibujave\.p2\pool\plugins\org.eclipse.m2e.maven.runtime_3.9.400.20230826-0755\jars\maven-resolver-spi-1.9.14.jar
2023-11-24 16:07:14,223 [Worker-51: Searching...] INFO  o.eclipse.m2e.core.internal.Bundles - 	Entry: C:\Users\Dibujave\.p2\pool\plugins\org.eclipse.m2e.maven.runtime_3.9.400.20230826-0755\jars\maven-resolver-transport-wagon-1.9.14.jar
2023-11-24 16:07:14,223 [Worker-51: Searching...] INFO  o.eclipse.m2e.core.internal.Bundles - 	Entry: C:\Users\Dibujave\.p2\pool\plugins\org.eclipse.m2e.maven.runtime_3.9.400.20230826-0755\jars\maven-resolver-util-1.9.14.jar
2023-11-24 16:07:14,223 [Worker-51: Searching...] INFO  o.eclipse.m2e.core.internal.Bundles - 	Entry: C:\Users\Dibujave\.p2\pool\plugins\org.eclipse.m2e.maven.runtime_3.9.400.20230826-0755\jars\maven-settings-3.9.4.jar
2023-11-24 16:07:14,223 [Worker-51: Searching...] INFO  o.eclipse.m2e.core.internal.Bundles - 	Entry: C:\Users\Dibujave\.p2\pool\plugins\org.eclipse.m2e.maven.runtime_3.9.400.20230826-0755\jars\maven-settings-builder-3.9.4.jar
2023-11-24 16:07:14,223 [Worker-51: Searching...] INFO  o.eclipse.m2e.core.internal.Bundles - 	Entry: C:\Users\Dibujave\.p2\pool\plugins\org.eclipse.m2e.maven.runtime_3.9.400.20230826-0755\jars\maven-shared-utils-3.3.4.jar
2023-11-24 16:07:14,223 [Worker-51: Searching...] INFO  o.eclipse.m2e.core.internal.Bundles - 	Entry: C:\Users\Dibujave\.p2\pool\plugins\org.eclipse.m2e.maven.runtime_3.9.400.20230826-0755\jars\okhttp-3.14.1.jar
2023-11-24 16:07:14,224 [Worker-51: Searching...] INFO  o.eclipse.m2e.core.internal.Bundles - 	Entry: C:\Users\Dibujave\.p2\pool\plugins\org.eclipse.m2e.maven.runtime_3.9.400.20230826-0755\jars\okio-1.17.3.jar
2023-11-24 16:07:14,224 [Worker-51: Searching...] INFO  o.eclipse.m2e.core.internal.Bundles - 	Entry: C:\Users\Dibujave\.p2\pool\plugins\org.eclipse.m2e.maven.runtime_3.9.400.20230826-0755\jars\org.eclipse.sisu.inject-0.3.5.jar
2023-11-24 16:07:14,224 [Worker-51: Searching...] INFO  o.eclipse.m2e.core.internal.Bundles - 	Entry: C:\Users\Dibujave\.p2\pool\plugins\org.eclipse.m2e.maven.runtime_3.9.400.20230826-0755\jars\org.eclipse.sisu.plexus-0.3.5.jar
2023-11-24 16:07:14,224 [Worker-51: Searching...] INFO  o.eclipse.m2e.core.internal.Bundles - 	Entry: C:\Users\Dibujave\.p2\pool\plugins\org.eclipse.m2e.maven.runtime_3.9.400.20230826-0755\jars\plexus-build-api-0.0.7.jar
2023-11-24 16:07:14,224 [Worker-51: Searching...] INFO  o.eclipse.m2e.core.internal.Bundles - 	Entry: C:\Users\Dibujave\.p2\pool\plugins\org.eclipse.m2e.maven.runtime_3.9.400.20230826-0755\jars\plexus-cipher-2.0.jar
2023-11-24 16:07:14,224 [Worker-51: Searching...] INFO  o.eclipse.m2e.core.internal.Bundles - 	Entry: C:\Users\Dibujave\.p2\pool\plugins\org.eclipse.m2e.maven.runtime_3.9.400.20230826-0755\jars\plexus-classworlds-2.7.0.jar
2023-11-24 16:07:14,224 [Worker-51: Searching...] INFO  o.eclipse.m2e.core.internal.Bundles - 	Entry: C:\Users\Dibujave\.p2\pool\plugins\org.eclipse.m2e.maven.runtime_3.9.400.20230826-0755\jars\plexus-component-annotations-2.1.0.jar
2023-11-24 16:07:14,225 [Worker-51: Searching...] INFO  o.eclipse.m2e.core.internal.Bundles - 	Entry: C:\Users\Dibujave\.p2\pool\plugins\org.eclipse.m2e.maven.runtime_3.9.400.20230826-0755\jars\plexus-interpolation-1.26.jar
2023-11-24 16:07:14,225 [Worker-51: Searching...] INFO  o.eclipse.m2e.core.internal.Bundles - 	Entry: C:\Users\Dibujave\.p2\pool\plugins\org.eclipse.m2e.maven.runtime_3.9.400.20230826-0755\jars\plexus-sec-dispatcher-2.0.jar
2023-11-24 16:07:14,225 [Worker-51: Searching...] INFO  o.eclipse.m2e.core.internal.Bundles - 	Entry: C:\Users\Dibujave\.p2\pool\plugins\org.eclipse.m2e.maven.runtime_3.9.400.20230826-0755\jars\plexus-utils-3.5.1.jar
2023-11-24 16:07:14,225 [Worker-51: Searching...] INFO  o.eclipse.m2e.core.internal.Bundles - 	Entry: C:\Users\Dibujave\.p2\pool\plugins\org.eclipse.m2e.maven.runtime_3.9.400.20230826-0755\jars\wagon-file-3.5.3.jar
2023-11-24 16:07:14,225 [Worker-51: Searching...] INFO  o.eclipse.m2e.core.internal.Bundles - 	Entry: C:\Users\Dibujave\.p2\pool\plugins\org.eclipse.m2e.maven.runtime_3.9.400.20230826-0755\jars\wagon-provider-api-3.5.3.jar
2023-11-24 16:07:14,225 [Worker-51: Searching...] INFO  o.eclipse.m2e.core.internal.Bundles - getClasspathEntries(Bundle=com.google.guava_32.1.2.jre [10])
2023-11-24 16:07:14,226 [Worker-51: Searching...] INFO  o.eclipse.m2e.core.internal.Bundles - 	Entry: C:\Users\Dibujave\.p2\pool\plugins\com.google.guava_32.1.2.jre.jar
2023-11-24 16:07:14,226 [Worker-51: Searching...] INFO  o.eclipse.m2e.core.internal.Bundles - getClasspathEntries(Bundle=slf4j.api_2.0.9 [516])
2023-11-24 16:07:14,226 [Worker-51: Searching...] INFO  o.eclipse.m2e.core.internal.Bundles - 	Entry: C:\Users\Dibujave\.p2\pool\plugins\slf4j.api_2.0.9.jar
2023-11-24 16:07:14,226 [Worker-51: Searching...] INFO  o.eclipse.m2e.core.internal.Bundles - getClasspathEntries(Bundle=javax.inject_1.0.0.v20220405-0441 [26])
2023-11-24 16:07:14,226 [Worker-51: Searching...] INFO  o.eclipse.m2e.core.internal.Bundles - 	Entry: C:\Users\Dibujave\.p2\pool\plugins\javax.inject_1.0.0.v20220405-0441.jar
2023-11-24 16:07:14,226 [Worker-51: Searching...] INFO  o.eclipse.m2e.core.internal.Bundles - getClasspathEntries(Bundle=javax.annotation_1.3.5.v20200909-1856 [24])
2023-11-24 16:07:14,227 [Worker-51: Searching...] INFO  o.eclipse.m2e.core.internal.Bundles - 	Entry: C:\Users\Dibujave\.p2\pool\plugins\javax.annotation_1.3.5.v20200909-1856.jar
2023-11-24 16:07:14,227 [Worker-51: Searching...] INFO  o.eclipse.m2e.core.internal.Bundles - getClasspathEntries(Bundle=org.apache.commons.cli_1.5.0 [49])
2023-11-24 16:07:14,227 [Worker-51: Searching...] INFO  o.eclipse.m2e.core.internal.Bundles - 	Entry: C:\Users\Dibujave\.p2\pool\plugins\org.apache.commons.cli_1.5.0.jar
2023-11-24 16:07:14,227 [Worker-51: Searching...] INFO  o.eclipse.m2e.core.internal.Bundles - getClasspathEntries(Bundle=com.google.guava.failureaccess_1.0.1 [12])
2023-11-24 16:07:14,227 [Worker-51: Searching...] INFO  o.eclipse.m2e.core.internal.Bundles - 	Entry: C:\Users\Dibujave\.p2\pool\plugins\com.google.guava.failureaccess_1.0.1.jar
2023-11-24 16:07:15,163 [Worker-51: Searching...] INFO  o.e.m.c.i.e.AbstractTransferListenerAdapter - Downloading https://repo.maven.apache.org/maven2/org/codehaus/plexus/plexus-classworlds/2.7.0/plexus-classworlds-2.7.0-sources.jar
2023-11-24 16:07:15,659 [Worker-51: Searching...] INFO  o.e.m.c.i.e.AbstractTransferListenerAdapter - Downloaded https://repo.maven.apache.org/maven2/org/codehaus/plexus/plexus-classworlds/2.7.0/plexus-classworlds-2.7.0-sources.jar
2023-11-24 16:07:16,593 [Worker-51: Searching...] INFO  o.e.m.c.i.e.AbstractTransferListenerAdapter - Downloading https://repo.maven.apache.org/maven2/io/takari/aether/aether-connector-okhttp/0.17.8/aether-connector-okhttp-0.17.8-sources.jar
2023-11-24 16:07:17,049 [Worker-51: Searching...] INFO  o.e.m.c.i.e.AbstractTransferListenerAdapter - Downloaded https://repo.maven.apache.org/maven2/io/takari/aether/aether-connector-okhttp/0.17.8/aether-connector-okhttp-0.17.8-sources.jar
2023-11-24 16:07:17,947 [Worker-51: Searching...] INFO  o.e.m.c.i.e.AbstractTransferListenerAdapter - Downloading https://repo.maven.apache.org/maven2/org/apache/commons/commons-lang3/3.12.0/commons-lang3-3.12.0-sources.jar
2023-11-24 16:07:19,152 [Worker-51: Searching...] INFO  o.e.m.c.i.e.AbstractTransferListenerAdapter - Downloaded https://repo.maven.apache.org/maven2/org/apache/commons/commons-lang3/3.12.0/commons-lang3-3.12.0-sources.jar
2023-11-24 16:07:20,041 [Worker-51: Searching...] INFO  o.e.m.c.i.e.AbstractTransferListenerAdapter - Downloading https://repo.maven.apache.org/maven2/org/fusesource/jansi/jansi/2.4.0/jansi-2.4.0-sources.jar
2023-11-24 16:07:20,786 [Worker-51: Searching...] INFO  o.e.m.c.i.e.AbstractTransferListenerAdapter - Downloaded https://repo.maven.apache.org/maven2/org/fusesource/jansi/jansi/2.4.0/jansi-2.4.0-sources.jar
2023-11-24 16:07:21,664 [Worker-51: Searching...] INFO  o.e.m.c.i.e.AbstractTransferListenerAdapter - Downloading https://repo.maven.apache.org/maven2/org/apache/maven/maven-artifact/3.9.4/maven-artifact-3.9.4-sources.jar
2023-11-24 16:07:22,126 [Worker-51: Searching...] INFO  o.e.m.c.i.e.AbstractTransferListenerAdapter - Downloaded https://repo.maven.apache.org/maven2/org/apache/maven/maven-artifact/3.9.4/maven-artifact-3.9.4-sources.jar
2023-11-24 16:07:23,048 [Worker-51: Searching...] INFO  o.e.m.c.i.e.AbstractTransferListenerAdapter - Downloading https://repo.maven.apache.org/maven2/org/apache/maven/maven-builder-support/3.9.4/maven-builder-support-3.9.4-sources.jar
2023-11-24 16:07:23,449 [Worker-51: Searching...] INFO  o.e.m.c.i.e.AbstractTransferListenerAdapter - Downloaded https://repo.maven.apache.org/maven2/org/apache/maven/maven-builder-support/3.9.4/maven-builder-support-3.9.4-sources.jar
2023-11-24 16:07:24,406 [Worker-51: Searching...] INFO  o.e.m.c.i.e.AbstractTransferListenerAdapter - Downloading https://repo.maven.apache.org/maven2/org/apache/maven/maven-compat/3.9.4/maven-compat-3.9.4-sources.jar
2023-11-24 16:07:25,291 [Worker-51: Searching...] INFO  o.e.m.c.i.e.AbstractTransferListenerAdapter - Downloaded https://repo.maven.apache.org/maven2/org/apache/maven/maven-compat/3.9.4/maven-compat-3.9.4-sources.jar
2023-11-24 16:07:26,185 [Worker-51: Searching...] INFO  o.e.m.c.i.e.AbstractTransferListenerAdapter - Downloading https://repo.maven.apache.org/maven2/org/apache/maven/maven-core/3.9.4/maven-core-3.9.4-sources.jar
2023-11-24 16:07:27,361 [Worker-51: Searching...] INFO  o.e.m.c.i.e.AbstractTransferListenerAdapter - Downloaded https://repo.maven.apache.org/maven2/org/apache/maven/maven-core/3.9.4/maven-core-3.9.4-sources.jar
2023-11-24 16:07:28,263 [Worker-51: Searching...] INFO  o.e.m.c.i.e.AbstractTransferListenerAdapter - Downloading https://repo.maven.apache.org/maven2/org/apache/maven/maven-embedder/3.9.4/maven-embedder-3.9.4-sources.jar
2023-11-24 16:07:28,770 [Worker-51: Searching...] INFO  o.e.m.c.i.e.AbstractTransferListenerAdapter - Downloaded https://repo.maven.apache.org/maven2/org/apache/maven/maven-embedder/3.9.4/maven-embedder-3.9.4-sources.jar
2023-11-24 16:07:29,653 [Worker-51: Searching...] INFO  o.e.m.c.i.e.AbstractTransferListenerAdapter - Downloading https://repo.maven.apache.org/maven2/org/apache/maven/maven-model/3.9.4/maven-model-3.9.4-sources.jar
2023-11-24 16:07:30,371 [Worker-51: Searching...] INFO  o.e.m.c.i.e.AbstractTransferListenerAdapter - Downloaded https://repo.maven.apache.org/maven2/org/apache/maven/maven-model/3.9.4/maven-model-3.9.4-sources.jar
2023-11-24 16:07:31,300 [Worker-51: Searching...] INFO  o.e.m.c.i.e.AbstractTransferListenerAdapter - Downloading https://repo.maven.apache.org/maven2/org/apache/maven/maven-model-builder/3.9.4/maven-model-builder-3.9.4-sources.jar
2023-11-24 16:07:32,037 [Worker-51: Searching...] INFO  o.e.m.c.i.e.AbstractTransferListenerAdapter - Downloaded https://repo.maven.apache.org/maven2/org/apache/maven/maven-model-builder/3.9.4/maven-model-builder-3.9.4-sources.jar
2023-11-24 16:07:32,916 [Worker-51: Searching...] INFO  o.e.m.c.i.e.AbstractTransferListenerAdapter - Downloading https://repo.maven.apache.org/maven2/org/apache/maven/maven-plugin-api/3.9.4/maven-plugin-api-3.9.4-sources.jar
2023-11-24 16:07:33,378 [Worker-51: Searching...] INFO  o.e.m.c.i.e.AbstractTransferListenerAdapter - Downloaded https://repo.maven.apache.org/maven2/org/apache/maven/maven-plugin-api/3.9.4/maven-plugin-api-3.9.4-sources.jar
2023-11-24 16:07:34,261 [Worker-51: Searching...] INFO  o.e.m.c.i.e.AbstractTransferListenerAdapter - Downloading https://repo.maven.apache.org/maven2/org/apache/maven/maven-repository-metadata/3.9.4/maven-repository-metadata-3.9.4-sources.jar
2023-11-24 16:07:34,703 [Worker-51: Searching...] INFO  o.e.m.c.i.e.AbstractTransferListenerAdapter - Downloaded https://repo.maven.apache.org/maven2/org/apache/maven/maven-repository-metadata/3.9.4/maven-repository-metadata-3.9.4-sources.jar
2023-11-24 16:07:35,577 [Worker-51: Searching...] INFO  o.e.m.c.i.e.AbstractTransferListenerAdapter - Downloading https://repo.maven.apache.org/maven2/org/apache/maven/resolver/maven-resolver-api/1.9.14/maven-resolver-api-1.9.14-sources.jar
2023-11-24 16:07:36,330 [Worker-51: Searching...] INFO  o.e.m.c.i.e.AbstractTransferListenerAdapter - Downloaded https://repo.maven.apache.org/maven2/org/apache/maven/resolver/maven-resolver-api/1.9.14/maven-resolver-api-1.9.14-sources.jar
2023-11-24 16:07:37,219 [Worker-51: Searching...] INFO  o.e.m.c.i.e.AbstractTransferListenerAdapter - Downloading https://repo.maven.apache.org/maven2/org/apache/maven/resolver/maven-resolver-connector-basic/1.9.14/maven-resolver-connector-basic-1.9.14-sources.jar
2023-11-24 16:07:37,660 [Worker-51: Searching...] INFO  o.e.m.c.i.e.AbstractTransferListenerAdapter - Downloaded https://repo.maven.apache.org/maven2/org/apache/maven/resolver/maven-resolver-connector-basic/1.9.14/maven-resolver-connector-basic-1.9.14-sources.jar
2023-11-24 16:07:38,553 [Worker-51: Searching...] INFO  o.e.m.c.i.e.AbstractTransferListenerAdapter - Downloading https://repo.maven.apache.org/maven2/org/apache/maven/resolver/maven-resolver-impl/1.9.14/maven-resolver-impl-1.9.14-sources.jar
2023-11-24 16:07:39,373 [Worker-51: Searching...] INFO  o.e.m.c.i.e.AbstractTransferListenerAdapter - Downloaded https://repo.maven.apache.org/maven2/org/apache/maven/resolver/maven-resolver-impl/1.9.14/maven-resolver-impl-1.9.14-sources.jar
2023-11-24 16:07:40,271 [Worker-51: Searching...] INFO  o.e.m.c.i.e.AbstractTransferListenerAdapter - Downloading https://repo.maven.apache.org/maven2/org/apache/maven/resolver/maven-resolver-named-locks/1.9.14/maven-resolver-named-locks-1.9.14-sources.jar
2023-11-24 16:07:40,752 [Worker-51: Searching...] INFO  o.e.m.c.i.e.AbstractTransferListenerAdapter - Downloaded https://repo.maven.apache.org/maven2/org/apache/maven/resolver/maven-resolver-named-locks/1.9.14/maven-resolver-named-locks-1.9.14-sources.jar
2023-11-24 16:07:41,647 [Worker-51: Searching...] INFO  o.e.m.c.i.e.AbstractTransferListenerAdapter - Downloading https://repo.maven.apache.org/maven2/org/apache/maven/maven-resolver-provider/3.9.4/maven-resolver-provider-3.9.4-sources.jar
2023-11-24 16:07:42,122 [Worker-51: Searching...] INFO  o.e.m.c.i.e.AbstractTransferListenerAdapter - Downloaded https://repo.maven.apache.org/maven2/org/apache/maven/maven-resolver-provider/3.9.4/maven-resolver-provider-3.9.4-sources.jar
2023-11-24 16:07:43,011 [Worker-51: Searching...] INFO  o.e.m.c.i.e.AbstractTransferListenerAdapter - Downloading https://repo.maven.apache.org/maven2/org/apache/maven/resolver/maven-resolver-spi/1.9.14/maven-resolver-spi-1.9.14-sources.jar
2023-11-24 16:07:43,514 [Worker-51: Searching...] INFO  o.e.m.c.i.e.AbstractTransferListenerAdapter - Downloaded https://repo.maven.apache.org/maven2/org/apache/maven/resolver/maven-resolver-spi/1.9.14/maven-resolver-spi-1.9.14-sources.jar
2023-11-24 16:07:44,752 [Worker-51: Searching...] INFO  o.e.m.c.i.e.AbstractTransferListenerAdapter - Downloading https://repo.maven.apache.org/maven2/org/apache/maven/resolver/maven-resolver-transport-wagon/1.9.14/maven-resolver-transport-wagon-1.9.14-sources.jar
2023-11-24 16:07:45,197 [Worker-51: Searching...] INFO  o.e.m.c.i.e.AbstractTransferListenerAdapter - Downloaded https://repo.maven.apache.org/maven2/org/apache/maven/resolver/maven-resolver-transport-wagon/1.9.14/maven-resolver-transport-wagon-1.9.14-sources.jar
2023-11-24 16:07:46,088 [Worker-51: Searching...] INFO  o.e.m.c.i.e.AbstractTransferListenerAdapter - Downloading https://repo.maven.apache.org/maven2/org/apache/maven/resolver/maven-resolver-util/1.9.14/maven-resolver-util-1.9.14-sources.jar
2023-11-24 16:07:46,825 [Worker-51: Searching...] INFO  o.e.m.c.i.e.AbstractTransferListenerAdapter - Downloaded https://repo.maven.apache.org/maven2/org/apache/maven/resolver/maven-resolver-util/1.9.14/maven-resolver-util-1.9.14-sources.jar
2023-11-24 16:07:47,711 [Worker-51: Searching...] INFO  o.e.m.c.i.e.AbstractTransferListenerAdapter - Downloading https://repo.maven.apache.org/maven2/org/apache/maven/maven-settings/3.9.4/maven-settings-3.9.4-sources.jar
2023-11-24 16:07:48,143 [Worker-51: Searching...] INFO  o.e.m.c.i.e.AbstractTransferListenerAdapter - Downloaded https://repo.maven.apache.org/maven2/org/apache/maven/maven-settings/3.9.4/maven-settings-3.9.4-sources.jar
2023-11-24 16:07:49,028 [Worker-51: Searching...] INFO  o.e.m.c.i.e.AbstractTransferListenerAdapter - Downloading https://repo.maven.apache.org/maven2/org/apache/maven/maven-settings-builder/3.9.4/maven-settings-builder-3.9.4-sources.jar
2023-11-24 16:07:49,479 [Worker-51: Searching...] INFO  o.e.m.c.i.e.AbstractTransferListenerAdapter - Downloaded https://repo.maven.apache.org/maven2/org/apache/maven/maven-settings-builder/3.9.4/maven-settings-builder-3.9.4-sources.jar
2023-11-24 16:07:50,382 [Worker-51: Searching...] INFO  o.e.m.c.i.e.AbstractTransferListenerAdapter - Downloading https://repo.maven.apache.org/maven2/org/apache/maven/shared/maven-shared-utils/3.3.4/maven-shared-utils-3.3.4-sources.jar
2023-11-24 16:07:51,114 [Worker-51: Searching...] INFO  o.e.m.c.i.e.AbstractTransferListenerAdapter - Downloaded https://repo.maven.apache.org/maven2/org/apache/maven/shared/maven-shared-utils/3.3.4/maven-shared-utils-3.3.4-sources.jar
2023-11-24 16:07:52,014 [Worker-51: Searching...] INFO  o.e.m.c.i.e.AbstractTransferListenerAdapter - Downloading https://repo.maven.apache.org/maven2/com/squareup/okhttp3/okhttp/3.14.1/okhttp-3.14.1-sources.jar
2023-11-24 16:07:53,008 [Worker-51: Searching...] INFO  o.e.m.c.i.e.AbstractTransferListenerAdapter - Downloaded https://repo.maven.apache.org/maven2/com/squareup/okhttp3/okhttp/3.14.1/okhttp-3.14.1-sources.jar
2023-11-24 16:07:53,919 [Worker-51: Searching...] INFO  o.e.m.c.i.e.AbstractTransferListenerAdapter - Downloading https://repo.maven.apache.org/maven2/com/squareup/okio/okio/1.17.3/okio-1.17.3-sources.jar
2023-11-24 16:07:54,448 [Worker-51: Searching...] INFO  o.e.m.c.i.e.AbstractTransferListenerAdapter - Downloaded https://repo.maven.apache.org/maven2/com/squareup/okio/okio/1.17.3/okio-1.17.3-sources.jar
2023-11-24 16:07:55,360 [Worker-51: Searching...] INFO  o.e.m.c.i.e.AbstractTransferListenerAdapter - Downloading https://repo.maven.apache.org/maven2/org/codehaus/plexus/plexus-cipher/2.0/plexus-cipher-2.0-sources.jar
2023-11-24 16:07:55,797 [Worker-51: Searching...] INFO  o.e.m.c.i.e.AbstractTransferListenerAdapter - Downloaded https://repo.maven.apache.org/maven2/org/codehaus/plexus/plexus-cipher/2.0/plexus-cipher-2.0-sources.jar
2023-11-24 16:07:56,684 [Worker-51: Searching...] INFO  o.e.m.c.i.e.AbstractTransferListenerAdapter - Downloading https://repo.maven.apache.org/maven2/org/codehaus/plexus/plexus-component-annotations/2.1.0/plexus-component-annotations-2.1.0-sources.jar
2023-11-24 16:07:57,119 [Worker-51: Searching...] INFO  o.e.m.c.i.e.AbstractTransferListenerAdapter - Downloaded https://repo.maven.apache.org/maven2/org/codehaus/plexus/plexus-component-annotations/2.1.0/plexus-component-annotations-2.1.0-sources.jar
2023-11-24 16:07:58,016 [Worker-51: Searching...] INFO  o.e.m.c.i.e.AbstractTransferListenerAdapter - Downloading https://repo.maven.apache.org/maven2/org/codehaus/plexus/plexus-interpolation/1.26/plexus-interpolation-1.26-sources.jar
2023-11-24 16:07:58,551 [Worker-51: Searching...] INFO  o.e.m.c.i.e.AbstractTransferListenerAdapter - Downloaded https://repo.maven.apache.org/maven2/org/codehaus/plexus/plexus-interpolation/1.26/plexus-interpolation-1.26-sources.jar
2023-11-24 16:07:59,457 [Worker-51: Searching...] INFO  o.e.m.c.i.e.AbstractTransferListenerAdapter - Downloading https://repo.maven.apache.org/maven2/org/codehaus/plexus/plexus-sec-dispatcher/2.0/plexus-sec-dispatcher-2.0-sources.jar
2023-11-24 16:07:59,905 [Worker-51: Searching...] INFO  o.e.m.c.i.e.AbstractTransferListenerAdapter - Downloaded https://repo.maven.apache.org/maven2/org/codehaus/plexus/plexus-sec-dispatcher/2.0/plexus-sec-dispatcher-2.0-sources.jar
2023-11-24 16:08:00,798 [Worker-51: Searching...] INFO  o.e.m.c.i.e.AbstractTransferListenerAdapter - Downloading https://repo.maven.apache.org/maven2/org/codehaus/plexus/plexus-utils/3.5.1/plexus-utils-3.5.1-sources.jar
2023-11-24 16:08:01,742 [Worker-51: Searching...] INFO  o.e.m.c.i.e.AbstractTransferListenerAdapter - Downloaded https://repo.maven.apache.org/maven2/org/codehaus/plexus/plexus-utils/3.5.1/plexus-utils-3.5.1-sources.jar
2023-11-24 16:08:02,634 [Worker-51: Searching...] INFO  o.e.m.c.i.e.AbstractTransferListenerAdapter - Downloading https://repo.maven.apache.org/maven2/org/apache/maven/wagon/wagon-file/3.5.3/wagon-file-3.5.3-sources.jar
2023-11-24 16:08:03,080 [Worker-51: Searching...] INFO  o.e.m.c.i.e.AbstractTransferListenerAdapter - Downloaded https://repo.maven.apache.org/maven2/org/apache/maven/wagon/wagon-file/3.5.3/wagon-file-3.5.3-sources.jar
2023-11-24 16:08:03,982 [Worker-51: Searching...] INFO  o.e.m.c.i.e.AbstractTransferListenerAdapter - Downloading https://repo.maven.apache.org/maven2/org/apache/maven/wagon/wagon-provider-api/3.5.3/wagon-provider-api-3.5.3-sources.jar
2023-11-24 16:08:04,472 [Worker-51: Searching...] INFO  o.e.m.c.i.e.AbstractTransferListenerAdapter - Downloaded https://repo.maven.apache.org/maven2/org/apache/maven/wagon/wagon-provider-api/3.5.3/wagon-provider-api-3.5.3-sources.jar
2023-11-24 16:08:05,355 [Worker-51: Searching...] INFO  o.e.m.c.i.e.AbstractTransferListenerAdapter - Downloading https://repo.maven.apache.org/maven2/org/apache/maven/maven-slf4j-provider/3.9.4/maven-slf4j-provider-3.9.4-sources.jar
2023-11-24 16:08:05,828 [Worker-51: Searching...] INFO  o.e.m.c.i.e.AbstractTransferListenerAdapter - Downloaded https://repo.maven.apache.org/maven2/org/apache/maven/maven-slf4j-provider/3.9.4/maven-slf4j-provider-3.9.4-sources.jar
2023-11-24 16:08:06,713 [Worker-51: Searching...] INFO  o.e.m.c.i.e.AbstractTransferListenerAdapter - Downloading https://repo.maven.apache.org/maven2/com/google/guava/guava/32.1.2-jre/guava-32.1.2-jre-sources.jar
2023-11-24 16:08:08,191 [Worker-51: Searching...] INFO  o.e.m.c.i.e.AbstractTransferListenerAdapter - Downloaded https://repo.maven.apache.org/maven2/com/google/guava/guava/32.1.2-jre/guava-32.1.2-jre-sources.jar
2023-11-24 16:08:09,106 [Worker-51: Searching...] INFO  o.e.m.c.i.e.AbstractTransferListenerAdapter - Downloading https://repo.maven.apache.org/maven2/org/slf4j/slf4j-api/2.0.9/slf4j-api-2.0.9-sources.jar
2023-11-24 16:08:09,603 [Worker-51: Searching...] INFO  o.e.m.c.i.e.AbstractTransferListenerAdapter - Downloaded https://repo.maven.apache.org/maven2/org/slf4j/slf4j-api/2.0.9/slf4j-api-2.0.9-sources.jar
2023-11-24 16:08:10,503 [Worker-51: Searching...] INFO  o.e.m.c.i.e.AbstractTransferListenerAdapter - Downloading https://repo.maven.apache.org/maven2/commons-cli/commons-cli/1.5.0/commons-cli-1.5.0-sources.jar
2023-11-24 16:08:10,981 [Worker-51: Searching...] INFO  o.e.m.c.i.e.AbstractTransferListenerAdapter - Downloaded https://repo.maven.apache.org/maven2/commons-cli/commons-cli/1.5.0/commons-cli-1.5.0-sources.jar
2023-11-24 16:08:11,867 [Worker-51: Searching...] INFO  o.e.m.c.i.e.AbstractTransferListenerAdapter - Downloading https://repo.maven.apache.org/maven2/com/google/guava/failureaccess/1.0.1/failureaccess-1.0.1-sources.jar
2023-11-24 16:08:12,313 [Worker-51: Searching...] INFO  o.e.m.c.i.e.AbstractTransferListenerAdapter - Downloaded https://repo.maven.apache.org/maven2/com/google/guava/failureaccess/1.0.1/failureaccess-1.0.1-sources.jar
